<?xml version="1.0" encoding="UTF-8"?>
<testng-results ignored="0" total="6" passed="5" failed="1" skipped="0">
  <reporter-output>
  </reporter-output>
  <suite started-at="2022-09-09T17:06:50 WIB" name="Default suite" finished-at="2022-09-09T17:08:35 WIB" duration-ms="105404">
    <groups>
      <group name="cucumber">
        <method signature="AbstractTestNGCucumberTests.runScenario(io.cucumber.testng.PickleWrapper,io.cucumber.testng.FeatureWrapper)[pri:0, instance:com.psikotestonline.webadmin.testing.steps.TestRunner@771a660]" name="runScenario" class="io.cucumber.testng.AbstractTestNGCucumberTests"/>
      </group> <!-- cucumber -->
    </groups>
    <test started-at="2022-09-09T17:06:50 WIB" name="Default test" finished-at="2022-09-09T17:08:35 WIB" duration-ms="105404">
      <class name="com.psikotestonline.webadmin.testing.steps.TestRunner">
        <test-method is-config="true" signature="setUpClass(org.testng.ITestContext)[pri:0, instance:com.psikotestonline.webadmin.testing.steps.TestRunner@771a660]" started-at="2022-09-09T17:06:50 WIB" name="setUpClass" finished-at="2022-09-09T17:06:50 WIB" duration-ms="304" status="PASS">
          <params>
            <param index="0">
              <value>
                <![CDATA[org.testng.TestRunner@15369d73]]>
              </value>
            </param>
          </params>
          <reporter-output>
          </reporter-output>
        </test-method> <!-- setUpClass -->
        <test-method signature="runScenario(io.cucumber.testng.PickleWrapper,io.cucumber.testng.FeatureWrapper)[pri:0, instance:com.psikotestonline.webadmin.testing.steps.TestRunner@771a660]" started-at="2022-09-09T17:06:50 WIB" name="runScenario" description="Runs Cucumber Scenarios" data-provider="scenarios" finished-at="2022-09-09T17:08:03 WIB" duration-ms="72283" status="PASS">
          <params>
            <param index="0">
              <value>
                <![CDATA["Valid credential"]]>
              </value>
            </param>
            <param index="1">
              <value>
                <![CDATA["Login Super Admin"]]>
              </value>
            </param>
          </params>
          <reporter-output>
          </reporter-output>
        </test-method> <!-- runScenario -->
        <test-method signature="runScenario(io.cucumber.testng.PickleWrapper,io.cucumber.testng.FeatureWrapper)[pri:0, instance:com.psikotestonline.webadmin.testing.steps.TestRunner@771a660]" started-at="2022-09-09T17:08:03 WIB" name="runScenario" description="Runs Cucumber Scenarios" data-provider="scenarios" finished-at="2022-09-09T17:08:11 WIB" duration-ms="8458" status="FAIL">
          <params>
            <param index="0">
              <value>
                <![CDATA["Valid credential with ignore letter case"]]>
              </value>
            </param>
            <param index="1">
              <value>
                <![CDATA["Login Super Admin"]]>
              </value>
            </param>
          </params>
          <exception class="java.lang.AssertionError">
            <message>
              <![CDATA[expected [true] but found [false]]]>
            </message>
            <full-stacktrace>
              <![CDATA[java.lang.AssertionError: expected [true] but found [false]
at org.testng.Assert.fail(Assert.java:110)
at org.testng.Assert.failNotEquals(Assert.java:1413)
at org.testng.Assert.assertTrue(Assert.java:56)
at org.testng.Assert.assertTrue(Assert.java:66)
at com.psikotestonline.webadmin.testing.steps.TestLogin.validateGreeting(TestLogin.java:42)
at âœ½.appear popup greeting "Username atau password"(file:///Users/muhammadbaihaqy/eclipse-workspace/com.psikotestonline.webadmin.testing/src/test/resources/features/Login.feature:13)
]]>
            </full-stacktrace>
          </exception> <!-- java.lang.AssertionError -->
          <reporter-output>
          </reporter-output>
        </test-method> <!-- runScenario -->
        <test-method signature="runScenario(io.cucumber.testng.PickleWrapper,io.cucumber.testng.FeatureWrapper)[pri:0, instance:com.psikotestonline.webadmin.testing.steps.TestRunner@771a660]" started-at="2022-09-09T17:08:11 WIB" name="runScenario" description="Runs Cucumber Scenarios" data-provider="scenarios" finished-at="2022-09-09T17:08:17 WIB" duration-ms="5917" status="PASS">
          <params>
            <param index="0">
              <value>
                <![CDATA["Invalid username"]]>
              </value>
            </param>
            <param index="1">
              <value>
                <![CDATA["Login Super Admin"]]>
              </value>
            </param>
          </params>
          <reporter-output>
          </reporter-output>
        </test-method> <!-- runScenario -->
        <test-method signature="runScenario(io.cucumber.testng.PickleWrapper,io.cucumber.testng.FeatureWrapper)[pri:0, instance:com.psikotestonline.webadmin.testing.steps.TestRunner@771a660]" started-at="2022-09-09T17:08:17 WIB" name="runScenario" description="Runs Cucumber Scenarios" data-provider="scenarios" finished-at="2022-09-09T17:08:23 WIB" duration-ms="5629" status="PASS">
          <params>
            <param index="0">
              <value>
                <![CDATA["Invalid password"]]>
              </value>
            </param>
            <param index="1">
              <value>
                <![CDATA["Login Super Admin"]]>
              </value>
            </param>
          </params>
          <reporter-output>
          </reporter-output>
        </test-method> <!-- runScenario -->
        <test-method signature="runScenario(io.cucumber.testng.PickleWrapper,io.cucumber.testng.FeatureWrapper)[pri:0, instance:com.psikotestonline.webadmin.testing.steps.TestRunner@771a660]" started-at="2022-09-09T17:08:23 WIB" name="runScenario" description="Runs Cucumber Scenarios" data-provider="scenarios" finished-at="2022-09-09T17:08:29 WIB" duration-ms="6271" status="PASS">
          <params>
            <param index="0">
              <value>
                <![CDATA["Null username"]]>
              </value>
            </param>
            <param index="1">
              <value>
                <![CDATA["Login Super Admin"]]>
              </value>
            </param>
          </params>
          <reporter-output>
          </reporter-output>
        </test-method> <!-- runScenario -->
        <test-method signature="runScenario(io.cucumber.testng.PickleWrapper,io.cucumber.testng.FeatureWrapper)[pri:0, instance:com.psikotestonline.webadmin.testing.steps.TestRunner@771a660]" started-at="2022-09-09T17:08:29 WIB" name="runScenario" description="Runs Cucumber Scenarios" data-provider="scenarios" finished-at="2022-09-09T17:08:35 WIB" duration-ms="6433" status="PASS">
          <params>
            <param index="0">
              <value>
                <![CDATA["Null password"]]>
              </value>
            </param>
            <param index="1">
              <value>
                <![CDATA["Login Super Admin"]]>
              </value>
            </param>
          </params>
          <reporter-output>
          </reporter-output>
        </test-method> <!-- runScenario -->
        <test-method is-config="true" signature="tearDownClass()[pri:0, instance:com.psikotestonline.webadmin.testing.steps.TestRunner@771a660]" started-at="2022-09-09T17:08:35 WIB" name="tearDownClass" finished-at="2022-09-09T17:08:35 WIB" duration-ms="57" status="PASS">
          <reporter-output>
          </reporter-output>
        </test-method> <!-- tearDownClass -->
      </class> <!-- com.psikotestonline.webadmin.testing.steps.TestRunner -->
    </test> <!-- Default test -->
  </suite> <!-- Default suite -->
</testng-results>
