<?xml version="1.0" encoding="UTF-8"?>
<!-- Generated by org.testng.reporters.JUnitReportReporter -->
<testsuite hostname="Muhammads-MacBook-Air.local" failures="1" tests="6" name="com.psikotestonline.webadmin.testing.steps.TestRunner" time="104.991" errors="0" timestamp="2022-09-09T17:08:35 WIB" skipped="0">
  <testcase classname="com.psikotestonline.webadmin.testing.steps.TestRunner" name="runScenario" time="6.433"/>
  <system-out/>
  <testcase classname="com.psikotestonline.webadmin.testing.steps.TestRunner" name="runScenario" time="6.271"/>
  <system-out/>
  <testcase classname="com.psikotestonline.webadmin.testing.steps.TestRunner" name="runScenario" time="8.458">
    <failure message="expected [true] but found [false]" type="java.lang.AssertionError">
      <![CDATA[java.lang.AssertionError: expected [true] but found [false]
at org.testng.Assert.fail(Assert.java:110)
at org.testng.Assert.failNotEquals(Assert.java:1413)
at org.testng.Assert.assertTrue(Assert.java:56)
at org.testng.Assert.assertTrue(Assert.java:66)
at com.psikotestonline.webadmin.testing.steps.TestLogin.validateGreeting(TestLogin.java:42)
at âœ½.appear popup greeting "Username atau password"(file:///Users/muhammadbaihaqy/eclipse-workspace/com.psikotestonline.webadmin.testing/src/test/resources/features/Login.feature:13)
]]>
    </failure>
  </testcase> <!-- runScenario -->
  <system-out/>
  <testcase classname="com.psikotestonline.webadmin.testing.steps.TestRunner" name="runScenario" time="72.283"/>
  <system-out/>
  <testcase classname="com.psikotestonline.webadmin.testing.steps.TestRunner" name="runScenario" time="5.629"/>
  <system-out/>
  <testcase classname="com.psikotestonline.webadmin.testing.steps.TestRunner" name="runScenario" time="5.917"/>
  <system-out/>
</testsuite> <!-- com.psikotestonline.webadmin.testing.steps.TestRunner -->
